# JRE version: OpenJDK Runtime Environment Temurin-17.0.12+7 (17.0.12+7) (build 17.0.12+7)
# Java VM: OpenJDK 64-Bit Server VM Temurin-17.0.12+7 (17.0.12+7, mixed mode, tiered, compressed oops, compressed class ptrs, parallel gc, linux-amd64)
GC Precious Log:
 CPUs: 5 total, 5 available
 Memory: 10536M
 Large Page Support: Disabled
 NUMA Support: Disabled
 Compressed Oops: Enabled (32-bit)
 Alignments: Space 512K, Generation 512K, Heap 2M
 Heap Min Capacity: 100M
 Heap Initial Capacity: 100M
 Heap Max Capacity: 1G
 Pre-touch: Disabled
 Parallel Workers: 5
Heap:
 PSYoungGen      total 70656K, used 16549K [0x00000000eab00000, 0x00000000f0280000, 0x0000000100000000)
  eden space 53760K, 0% used [0x00000000eab00000,0x00000000eab00000,0x00000000edf80000)
  from space 16896K, 97% used [0x00000000ee000000,0x00000000ef0294b8,0x00000000ef080000)
  to   space 17920K, 0% used [0x00000000ef100000,0x00000000ef100000,0x00000000f0280000)
 ParOldGen       total 346624K, used 346621K [0x00000000c0000000, 0x00000000d5280000, 0x00000000eab00000)
  object space 346624K, 99% used [0x00000000c0000000,0x00000000d527f4e0,0x00000000d5280000)
 Metaspace       used 79240K, committed 80768K, reserved 1179648K
  class space    used 8490K, committed 9216K, reserved 1048576K
GC Heap History (20 events):
Event: 217.862 GC heap after
{Heap after GC invocations=101 (full 8):
 PSYoungGen      total 85504K, used 15311K [0x00000000eab00000, 0x00000000f1b00000, 0x0000000100000000)
  eden space 70144K, 0% used [0x00000000eab00000,0x00000000eab00000,0x00000000eef80000)
  from space 15360K, 99% used [0x00000000f0c00000,0x00000000f1af3fa8,0x00000000f1b00000)
  to   space 18432K, 0% used [0x00000000ef700000,0x00000000ef700000,0x00000000f0900000)
 ParOldGen       total 343040K, used 307911K [0x00000000c0000000, 0x00000000d4f00000, 0x00000000eab00000)
  object space 343040K, 89% used [0x00000000c0000000,0x00000000d2cb1c08,0x00000000d4f00000)
 Metaspace       used 78742K, committed 80320K, reserved 1179648K
  class space    used 8430K, committed 9152K, reserved 1048576K
}
Event: 217.983 GC heap before
{Heap before GC invocations=102 (full 8):
 PSYoungGen      total 85504K, used 85316K [0x00000000eab00000, 0x00000000f1b00000, 0x0000000100000000)
  eden space 70144K, 99% used [0x00000000eab00000,0x00000000eef5d360,0x00000000eef80000)
  from space 15360K, 99% used [0x00000000f0c00000,0x00000000f1af3fa8,0x00000000f1b00000)
  to   space 18432K, 0% used [0x00000000ef700000,0x00000000ef700000,0x00000000f0900000)
 ParOldGen       total 343040K, used 307911K [0x00000000c0000000, 0x00000000d4f00000, 0x00000000eab00000)
  object space 343040K, 89% used [0x00000000c0000000,0x00000000d2cb1c08,0x00000000d4f00000)
 Metaspace       used 78781K, committed 80320K, reserved 1179648K
  class space    used 8432K, committed 9152K, reserved 1048576K
}
Event: 217.999 GC heap after
{Heap after GC invocations=102 (full 8):
 PSYoungGen      total 86528K, used 17137K [0x00000000eab00000, 0x00000000f1180000, 0x0000000100000000)
  eden space 69120K, 0% used [0x00000000eab00000,0x00000000eab00000,0x00000000eee80000)
  from space 17408K, 98% used [0x00000000ef700000,0x00000000f07bc610,0x00000000f0800000)
  to   space 9728K, 0% used [0x00000000f0800000,0x00000000f0800000,0x00000000f1180000)
 ParOldGen       total 343040K, used 307919K [0x00000000c0000000, 0x00000000d4f00000, 0x00000000eab00000)
  object space 343040K, 89% used [0x00000000c0000000,0x00000000d2cb3c08,0x00000000d4f00000)
 Metaspace       used 78781K, committed 80320K, reserved 1179648K
  class space    used 8432K, committed 9152K, reserved 1048576K
}
Event: 218.061 GC heap before
{Heap before GC invocations=103 (full 8):
 PSYoungGen      total 86528K, used 85515K [0x00000000eab00000, 0x00000000f1180000, 0x0000000100000000)
  eden space 69120K, 98% used [0x00000000eab00000,0x00000000eedc66b0,0x00000000eee80000)
  from space 17408K, 98% used [0x00000000ef700000,0x00000000f07bc610,0x00000000f0800000)
  to   space 9728K, 0% used [0x00000000f0800000,0x00000000f0800000,0x00000000f1180000)
 ParOldGen       total 343040K, used 307919K [0x00000000c0000000, 0x00000000d4f00000, 0x00000000eab00000)
  object space 343040K, 89% used [0x00000000c0000000,0x00000000d2cb3c08,0x00000000d4f00000)
 Metaspace       used 78785K, committed 80320K, reserved 1179648K
  class space    used 8432K, committed 9152K, reserved 1048576K
}
Event: 218.078 GC heap after
{Heap after GC invocations=103 (full 8):
 PSYoungGen      total 77824K, used 9716K [0x00000000eab00000, 0x00000000f1480000, 0x0000000100000000)
  eden space 68096K, 0% used [0x00000000eab00000,0x00000000eab00000,0x00000000eed80000)
  from space 9728K, 99% used [0x00000000f0800000,0x00000000f117d008,0x00000000f1180000)
  to   space 19968K, 0% used [0x00000000eed80000,0x00000000eed80000,0x00000000f0100000)
 ParOldGen       total 343040K, used 317476K [0x00000000c0000000, 0x00000000d4f00000, 0x00000000eab00000)
  object space 343040K, 92% used [0x00000000c0000000,0x00000000d3609320,0x00000000d4f00000)
 Metaspace       used 78785K, committed 80320K, reserved 1179648K
  class space    used 8432K, committed 9152K, reserved 1048576K
}
Event: 218.188 GC heap before
{Heap before GC invocations=104 (full 8):
 PSYoungGen      total 77824K, used 77812K [0x00000000eab00000, 0x00000000f1480000, 0x0000000100000000)
  eden space 68096K, 100% used [0x00000000eab00000,0x00000000eed80000,0x00000000eed80000)
  from space 9728K, 99% used [0x00000000f0800000,0x00000000f117d008,0x00000000f1180000)
  to   space 19968K, 0% used [0x00000000eed80000,0x00000000eed80000,0x00000000f0100000)
 ParOldGen       total 343040K, used 317476K [0x00000000c0000000, 0x00000000d4f00000, 0x00000000eab00000)
  object space 343040K, 92% used [0x00000000c0000000,0x00000000d3609320,0x00000000d4f00000)
 Metaspace       used 78807K, committed 80320K, reserved 1179648K
  class space    used 8433K, committed 9152K, reserved 1048576K
}
Event: 218.218 GC heap after
{Heap after GC invocations=104 (full 8):
 PSYoungGen      total 81920K, used 14569K [0x00000000eab00000, 0x00000000f0c80000, 0x0000000100000000)
  eden space 67072K, 0% used [0x00000000eab00000,0x00000000eab00000,0x00000000eec80000)
  from space 14848K, 98% used [0x00000000eed80000,0x00000000efbba798,0x00000000efc00000)
  to   space 16384K, 0% used [0x00000000efc80000,0x00000000efc80000,0x00000000f0c80000)
 ParOldGen       total 343040K, used 320309K [0x00000000c0000000, 0x00000000d4f00000, 0x00000000eab00000)
  object space 343040K, 93% used [0x00000000c0000000,0x00000000d38cd438,0x00000000d4f00000)
 Metaspace       used 78807K, committed 80320K, reserved 1179648K
  class space    used 8433K, committed 9152K, reserved 1048576K
}
Event: 218.341 GC heap before
{Heap before GC invocations=105 (full 8):
 PSYoungGen      total 81920K, used 81641K [0x00000000eab00000, 0x00000000f0c80000, 0x0000000100000000)
  eden space 67072K, 100% used [0x00000000eab00000,0x00000000eec80000,0x00000000eec80000)
  from space 14848K, 98% used [0x00000000eed80000,0x00000000efbba798,0x00000000efc00000)
  to   space 16384K, 0% used [0x00000000efc80000,0x00000000efc80000,0x00000000f0c80000)
 ParOldGen       total 343040K, used 320309K [0x00000000c0000000, 0x00000000d4f00000, 0x00000000eab00000)
  object space 343040K, 93% used [0x00000000c0000000,0x00000000d38cd438,0x00000000d4f00000)
 Metaspace       used 78809K, committed 80320K, reserved 1179648K
  class space    used 8433K, committed 9152K, reserved 1048576K
}
Event: 218.362 GC heap after
{Heap after GC invocations=105 (full 8):
 PSYoungGen      total 78336K, used 16361K [0x00000000eab00000, 0x00000000f1580000, 0x0000000100000000)
  eden space 61952K, 0% used [0x00000000eab00000,0x00000000eab00000,0x00000000ee780000)
  from space 16384K, 99% used [0x00000000efc80000,0x00000000f0c7a540,0x00000000f0c80000)
  to   space 21504K, 0% used [0x00000000ee780000,0x00000000ee780000,0x00000000efc80000)
 ParOldGen       total 343040K, used 324178K [0x00000000c0000000, 0x00000000d4f00000, 0x00000000eab00000)
  object space 343040K, 94% used [0x00000000c0000000,0x00000000d3c94810,0x00000000d4f00000)
 Metaspace       used 78809K, committed 80320K, reserved 1179648K
  class space    used 8433K, committed 9152K, reserved 1048576K
}
Event: 218.467 GC heap before
{Heap before GC invocations=106 (full 8):
 PSYoungGen      total 78336K, used 78313K [0x00000000eab00000, 0x00000000f1580000, 0x0000000100000000)
  eden space 61952K, 100% used [0x00000000eab00000,0x00000000ee780000,0x00000000ee780000)
  from space 16384K, 99% used [0x00000000efc80000,0x00000000f0c7a540,0x00000000f0c80000)
  to   space 21504K, 0% used [0x00000000ee780000,0x00000000ee780000,0x00000000efc80000)
 ParOldGen       total 343040K, used 324178K [0x00000000c0000000, 0x00000000d4f00000, 0x00000000eab00000)
  object space 343040K, 94% used [0x00000000c0000000,0x00000000d3c94810,0x00000000d4f00000)
 Metaspace       used 78809K, committed 80320K, reserved 1179648K
  class space    used 8433K, committed 9152K, reserved 1048576K
}
Event: 218.490 GC heap after
{Heap after GC invocations=106 (full 8):
 PSYoungGen      total 76288K, used 15274K [0x00000000eab00000, 0x00000000f0880000, 0x0000000100000000)
  eden space 60928K, 0% used [0x00000000eab00000,0x00000000eab00000,0x00000000ee680000)
  from space 15360K, 99% used [0x00000000ee780000,0x00000000ef66ab78,0x00000000ef680000)
  to   space 17408K, 0% used [0x00000000ef780000,0x00000000ef780000,0x00000000f0880000)
 ParOldGen       total 343040K, used 330409K [0x00000000c0000000, 0x00000000d4f00000, 0x00000000eab00000)
  object space 343040K, 96% used [0x00000000c0000000,0x00000000d42aa7d0,0x00000000d4f00000)
 Metaspace       used 78809K, committed 80320K, reserved 1179648K
  class space    used 8433K, committed 9152K, reserved 1048576K
}
Event: 218.558 GC heap before
{Heap before GC invocations=107 (full 8):
 PSYoungGen      total 76288K, used 76202K [0x00000000eab00000, 0x00000000f0880000, 0x0000000100000000)
  eden space 60928K, 100% used [0x00000000eab00000,0x00000000ee680000,0x00000000ee680000)
  from space 15360K, 99% used [0x00000000ee780000,0x00000000ef66ab78,0x00000000ef680000)
  to   space 17408K, 0% used [0x00000000ef780000,0x00000000ef780000,0x00000000f0880000)
 ParOldGen       total 343040K, used 330409K [0x00000000c0000000, 0x00000000d4f00000, 0x00000000eab00000)
  object space 343040K, 96% used [0x00000000c0000000,0x00000000d42aa7d0,0x00000000d4f00000)
 Metaspace       used 78809K, committed 80320K, reserved 1179648K
  class space    used 8433K, committed 9152K, reserved 1048576K
}
Event: 218.570 GC heap after
{Heap after GC invocations=107 (full 8):
 PSYoungGen      total 76288K, used 17404K [0x00000000eab00000, 0x00000000f0b80000, 0x0000000100000000)
  eden space 58880K, 0% used [0x00000000eab00000,0x00000000eab00000,0x00000000ee480000)
  from space 17408K, 99% used [0x00000000ef780000,0x00000000f087f138,0x00000000f0880000)
  to   space 19456K, 0% used [0x00000000ee480000,0x00000000ee480000,0x00000000ef780000)
 ParOldGen       total 343040K, used 331654K [0x00000000c0000000, 0x00000000d4f00000, 0x00000000eab00000)
  object space 343040K, 96% used [0x00000000c0000000,0x00000000d43e19e8,0x00000000d4f00000)
 Metaspace       used 78809K, committed 80320K, reserved 1179648K
  class space    used 8433K, committed 9152K, reserved 1048576K
}
Event: 218.627 GC heap before
{Heap before GC invocations=108 (full 8):
 PSYoungGen      total 76288K, used 76284K [0x00000000eab00000, 0x00000000f0b80000, 0x0000000100000000)
  eden space 58880K, 100% used [0x00000000eab00000,0x00000000ee480000,0x00000000ee480000)
  from space 17408K, 99% used [0x00000000ef780000,0x00000000f087f138,0x00000000f0880000)
  to   space 19456K, 0% used [0x00000000ee480000,0x00000000ee480000,0x00000000ef780000)
 ParOldGen       total 343040K, used 331654K [0x00000000c0000000, 0x00000000d4f00000, 0x00000000eab00000)
  object space 343040K, 96% used [0x00000000c0000000,0x00000000d43e19e8,0x00000000d4f00000)
 Metaspace       used 78810K, committed 80320K, reserved 1179648K
  class space    used 8433K, committed 9152K, reserved 1048576K
}
Event: 218.640 GC heap after
{Heap after GC invocations=108 (full 8):
 PSYoungGen      total 73728K, used 15417K [0x00000000eab00000, 0x00000000f0480000, 0x0000000100000000)
  eden space 57856K, 0% used [0x00000000eab00000,0x00000000eab00000,0x00000000ee380000)
  from space 15872K, 97% used [0x00000000ee480000,0x00000000ef38e438,0x00000000ef400000)
  to   space 16896K, 0% used [0x00000000ef400000,0x00000000ef400000,0x00000000f0480000)
 ParOldGen       total 343040K, used 336793K [0x00000000c0000000, 0x00000000d4f00000, 0x00000000eab00000)
  object space 343040K, 98% used [0x00000000c0000000,0x00000000d48e6730,0x00000000d4f00000)
 Metaspace       used 78810K, committed 80320K, reserved 1179648K
  class space    used 8433K, committed 9152K, reserved 1048576K
}
Event: 218.711 GC heap before
{Heap before GC invocations=109 (full 8):
 PSYoungGen      total 73728K, used 73273K [0x00000000eab00000, 0x00000000f0480000, 0x0000000100000000)
  eden space 57856K, 100% used [0x00000000eab00000,0x00000000ee380000,0x00000000ee380000)
  from space 15872K, 97% used [0x00000000ee480000,0x00000000ef38e438,0x00000000ef400000)
  to   space 16896K, 0% used [0x00000000ef400000,0x00000000ef400000,0x00000000f0480000)
 ParOldGen       total 343040K, used 336793K [0x00000000c0000000, 0x00000000d4f00000, 0x00000000eab00000)
  object space 343040K, 98% used [0x00000000c0000000,0x00000000d48e6730,0x00000000d4f00000)
 Metaspace       used 78838K, committed 80384K, reserved 1179648K
  class space    used 8434K, committed 9152K, reserved 1048576K
}
Event: 218.727 GC heap after
{Heap after GC invocations=109 (full 8):
 PSYoungGen      total 71168K, used 16880K [0x00000000eab00000, 0x00000000f0a80000, 0x0000000100000000)
  eden space 54272K, 0% used [0x00000000eab00000,0x00000000eab00000,0x00000000ee000000)
  from space 16896K, 99% used [0x00000000ef400000,0x00000000f047c290,0x00000000f0480000)
  to   space 20480K, 0% used [0x00000000ee000000,0x00000000ee000000,0x00000000ef400000)
 ParOldGen       total 343040K, used 339361K [0x00000000c0000000, 0x00000000d4f00000, 0x00000000eab00000)
  object space 343040K, 98% used [0x00000000c0000000,0x00000000d4b68738,0x00000000d4f00000)
 Metaspace       used 78838K, committed 80384K, reserved 1179648K
  class space    used 8434K, committed 9152K, reserved 1048576K
}
Event: 218.876 GC heap before
{Heap before GC invocations=110 (full 8):
 PSYoungGen      total 71168K, used 71152K [0x00000000eab00000, 0x00000000f0a80000, 0x0000000100000000)
  eden space 54272K, 100% used [0x00000000eab00000,0x00000000ee000000,0x00000000ee000000)
  from space 16896K, 99% used [0x00000000ef400000,0x00000000f047c290,0x00000000f0480000)
  to   space 20480K, 0% used [0x00000000ee000000,0x00000000ee000000,0x00000000ef400000)
 ParOldGen       total 343040K, used 339361K [0x00000000c0000000, 0x00000000d4f00000, 0x00000000eab00000)
  object space 343040K, 98% used [0x00000000c0000000,0x00000000d4b68738,0x00000000d4f00000)
 Metaspace       used 79240K, committed 80768K, reserved 1179648K
  class space    used 8490K, committed 9216K, reserved 1048576K
}
Event: 218.895 GC heap after
{Heap after GC invocations=110 (full 8):
 PSYoungGen      total 70656K, used 16549K [0x00000000eab00000, 0x00000000f0280000, 0x0000000100000000)
  eden space 53760K, 0% used [0x00000000eab00000,0x00000000eab00000,0x00000000edf80000)
  from space 16896K, 97% used [0x00000000ee000000,0x00000000ef0294b8,0x00000000ef080000)
  to   space 17920K, 0% used [0x00000000ef100000,0x00000000ef100000,0x00000000f0280000)
 ParOldGen       total 346624K, used 346621K [0x00000000c0000000, 0x00000000d5280000, 0x00000000eab00000)
  object space 346624K, 99% used [0x00000000c0000000,0x00000000d527f4e0,0x00000000d5280000)
 Metaspace       used 79240K, committed 80768K, reserved 1179648K
  class space    used 8490K, committed 9216K, reserved 1048576K
}
Event: 218.895 GC heap before
{Heap before GC invocations=111 (full 9):
 PSYoungGen      total 70656K, used 16549K [0x00000000eab00000, 0x00000000f0280000, 0x0000000100000000)
  eden space 53760K, 0% used [0x00000000eab00000,0x00000000eab00000,0x00000000edf80000)
  from space 16896K, 97% used [0x00000000ee000000,0x00000000ef0294b8,0x00000000ef080000)
  to   space 17920K, 0% used [0x00000000ef100000,0x00000000ef100000,0x00000000f0280000)
 ParOldGen       total 346624K, used 346621K [0x00000000c0000000, 0x00000000d5280000, 0x00000000eab00000)
  object space 346624K, 99% used [0x00000000c0000000,0x00000000d527f4e0,0x00000000d5280000)
 Metaspace       used 79240K, committed 80768K, reserved 1179648K
  class space    used 8490K, committed 9216K, reserved 1048576K
}

